<?xml version="1.0"?><coverage lines-covered="347" lines-valid="359" line-rate="0.9665738161559888" branches-covered="0" branches-valid="0" branch-rate="0" complexity="0" version="1.9" timestamp="1709261167"><sources><source>/home/runner/work/bbc-x/bbc-x</source></sources><packages><package name="src" line-rate="0.9665738161559888" branch-rate="0" complexity="0"><classes><class name="ast" filename="src/ast.rs" line-rate="1" branch-rate="0" complexity="0"><methods/><lines><line number="11" hits="2"/><line number="61" hits="1"/><line number="62" hits="1"/><line number="63" hits="3"/><line number="64" hits="3"/><line number="65" hits="3"/><line number="66" hits="3"/><line number="84" hits="1"/></lines></class><class name="grammar" filename="src/grammar.rs" line-rate="0.9704142011834319" branch-rate="0" complexity="0"><methods/><lines><line number="19" hits="3"/><line number="20" hits="2"/><line number="29" hits="3"/><line number="30" hits="4"/><line number="32" hits="15"/><line number="33" hits="4"/><line number="34" hits="2"/><line number="35" hits="6"/><line number="36" hits="4"/><line number="37" hits="1"/><line number="38" hits="1"/><line number="44" hits="2"/><line number="45" hits="2"/><line number="50" hits="2"/><line number="51" hits="8"/><line number="52" hits="4"/><line number="53" hits="2"/><line number="54" hits="6"/><line number="55" hits="4"/><line number="56" hits="3"/><line number="61" hits="3"/><line number="62" hits="2"/><line number="63" hits="6"/><line number="64" hits="1"/><line number="65" hits="0"/><line number="66" hits="3"/><line number="73" hits="2"/><line number="74" hits="6"/><line number="75" hits="4"/><line number="76" hits="1"/><line number="77" hits="3"/><line number="87" hits="2"/><line number="88" hits="11"/><line number="89" hits="6"/><line number="90" hits="4"/><line number="91" hits="4"/><line number="92" hits="4"/><line number="93" hits="1"/><line number="94" hits="1"/><line number="97" hits="2"/><line number="98" hits="3"/><line number="100" hits="10"/><line number="101" hits="2"/><line number="102" hits="5"/><line number="103" hits="2"/><line number="104" hits="3"/><line number="105" hits="3"/><line number="109" hits="1"/><line number="110" hits="5"/><line number="112" hits="12"/><line number="113" hits="6"/><line number="114" hits="2"/><line number="115" hits="6"/><line number="116" hits="1"/><line number="117" hits="1"/><line number="121" hits="3"/><line number="122" hits="3"/><line number="124" hits="17"/><line number="125" hits="2"/><line number="126" hits="6"/><line number="127" hits="2"/><line number="128" hits="6"/><line number="129" hits="1"/><line number="130" hits="1"/><line number="134" hits="3"/><line number="135" hits="3"/><line number="137" hits="17"/><line number="138" hits="2"/><line number="139" hits="6"/><line number="140" hits="2"/><line number="141" hits="6"/><line number="142" hits="1"/><line number="143" hits="1"/><line number="147" hits="3"/><line number="148" hits="3"/><line number="150" hits="17"/><line number="151" hits="2"/><line number="152" hits="6"/><line number="153" hits="2"/><line number="154" hits="6"/><line number="155" hits="1"/><line number="156" hits="1"/><line number="160" hits="3"/><line number="161" hits="1"/><line number="162" hits="0"/><line number="167" hits="3"/><line number="168" hits="1"/><line number="173" hits="1"/><line number="174" hits="3"/><line number="180" hits="3"/><line number="181" hits="3"/><line number="182" hits="1"/><line number="183" hits="1"/><line number="184" hits="1"/><line number="185" hits="1"/><line number="189" hits="13"/><line number="190" hits="2"/><line number="191" hits="6"/><line number="192" hits="1"/><line number="193" hits="1"/><line number="197" hits="1"/><line number="198" hits="3"/><line number="200" hits="0"/><line number="201" hits="2"/><line number="214" hits="1"/><line number="215" hits="7"/><line number="216" hits="3"/><line number="217" hits="1"/><line number="218" hits="1"/><line number="223" hits="1"/><line number="224" hits="2"/><line number="228" hits="2"/><line number="229" hits="9"/><line number="230" hits="4"/><line number="231" hits="2"/><line number="232" hits="4"/><line number="233" hits="1"/><line number="234" hits="1"/><line number="239" hits="2"/><line number="240" hits="1"/><line number="244" hits="2"/><line number="245" hits="1"/><line number="249" hits="2"/><line number="250" hits="1"/><line number="254" hits="1"/><line number="255" hits="4"/><line number="256" hits="1"/><line number="257" hits="0"/><line number="273" hits="3"/><line number="277" hits="1"/><line number="278" hits="9"/><line number="279" hits="4"/><line number="280" hits="1"/><line number="286" hits="1"/><line number="287" hits="9"/><line number="288" hits="4"/><line number="289" hits="3"/><line number="296" hits="1"/><line number="297" hits="7"/><line number="298" hits="6"/><line number="299" hits="4"/><line number="300" hits="4"/><line number="301" hits="3"/><line number="305" hits="1"/><line number="306" hits="5"/><line number="307" hits="4"/><line number="308" hits="3"/><line number="312" hits="1"/><line number="313" hits="9"/><line number="314" hits="2"/><line number="315" hits="1"/><line number="320" hits="1"/><line number="321" hits="4"/><line number="322" hits="1"/><line number="323" hits="1"/><line number="324" hits="1"/><line number="325" hits="1"/><line number="328" hits="4"/><line number="329" hits="3"/><line number="330" hits="2"/><line number="334" hits="2"/><line number="335" hits="1"/><line number="339" hits="3"/><line number="340" hits="7"/><line number="341" hits="4"/><line number="342" hits="1"/><line number="346" hits="3"/><line number="347" hits="1"/><line number="348" hits="2"/><line number="354" hits="3"/><line number="355" hits="3"/><line number="356" hits="3"/><line number="357" hits="3"/><line number="361" hits="1"/><line number="362" hits="6"/><line number="363" hits="1"/><line number="364" hits="0"/><line number="365" hits="2"/><line number="369" hits="1"/><line number="370" hits="3"/><line number="371" hits="2"/><line number="377" hits="1"/><line number="378" hits="3"/><line number="383" hits="1"/><line number="384" hits="5"/><line number="386" hits="3"/><line number="387" hits="4"/><line number="388" hits="3"/><line number="394" hits="3"/><line number="395" hits="1"/><line number="396" hits="0"/><line number="398" hits="14"/><line number="399" hits="2"/><line number="400" hits="4"/><line number="401" hits="1"/><line number="406" hits="1"/><line number="407" hits="6"/><line number="408" hits="0"/><line number="410" hits="7"/><line number="411" hits="4"/><line number="412" hits="1"/><line number="417" hits="3"/><line number="418" hits="1"/><line number="419" hits="0"/><line number="421" hits="5"/><line number="422" hits="4"/><line number="423" hits="3"/><line number="427" hits="1"/><line number="428" hits="9"/><line number="429" hits="1"/><line number="430" hits="1"/><line number="431" hits="0"/><line number="436" hits="1"/><line number="437" hits="5"/><line number="439" hits="7"/><line number="440" hits="4"/><line number="441" hits="1"/><line number="445" hits="3"/><line number="446" hits="2"/><line number="447" hits="3"/><line number="448" hits="0"/><line number="449" hits="4"/><line number="454" hits="3"/><line number="455" hits="1"/><line number="464" hits="1"/><line number="465" hits="6"/><line number="466" hits="1"/><line number="467" hits="1"/><line number="472" hits="3"/><line number="473" hits="5"/><line number="474" hits="6"/><line number="475" hits="4"/><line number="476" hits="1"/><line number="477" hits="3"/><line number="482" hits="1"/><line number="483" hits="29"/><line number="484" hits="6"/><line number="485" hits="4"/><line number="486" hits="6"/><line number="487" hits="4"/><line number="488" hits="6"/><line number="489" hits="4"/><line number="490" hits="6"/><line number="491" hits="4"/><line number="492" hits="6"/><line number="493" hits="4"/><line number="494" hits="6"/><line number="495" hits="4"/><line number="496" hits="6"/><line number="497" hits="4"/><line number="498" hits="5"/><line number="499" hits="1"/><line number="502" hits="3"/><line number="503" hits="3"/><line number="504" hits="1"/><line number="505" hits="1"/><line number="506" hits="1"/><line number="507" hits="1"/><line number="508" hits="1"/><line number="509" hits="1"/><line number="510" hits="1"/><line number="511" hits="1"/><line number="512" hits="1"/><line number="513" hits="1"/><line number="514" hits="1"/><line number="515" hits="1"/><line number="516" hits="1"/><line number="517" hits="1"/><line number="518" hits="1"/><line number="519" hits="1"/><line number="523" hits="5"/><line number="524" hits="4"/><line number="525" hits="3"/><line number="529" hits="1"/><line number="530" hits="22"/><line number="531" hits="4"/><line number="532" hits="8"/><line number="533" hits="4"/><line number="534" hits="8"/><line number="535" hits="4"/><line number="536" hits="6"/><line number="537" hits="1"/><line number="540" hits="3"/><line number="541" hits="3"/><line number="542" hits="1"/><line number="543" hits="1"/><line number="544" hits="1"/><line number="545" hits="1"/><line number="546" hits="1"/><line number="547" hits="1"/><line number="548" hits="1"/><line number="551" hits="3"/><line number="555" hits="2"/><line number="556" hits="9"/><line number="557" hits="6"/><line number="558" hits="4"/><line number="559" hits="6"/><line number="560" hits="5"/><line number="561" hits="2"/><line number="566" hits="3"/><line number="567" hits="25"/><line number="568" hits="8"/><line number="569" hits="4"/><line number="570" hits="8"/><line number="571" hits="4"/><line number="572" hits="8"/><line number="573" hits="4"/><line number="574" hits="8"/><line number="575" hits="4"/><line number="576" hits="6"/><line number="577" hits="1"/><line number="582" hits="3"/><line number="583" hits="30"/><line number="584" hits="8"/><line number="585" hits="4"/><line number="586" hits="8"/><line number="587" hits="4"/><line number="588" hits="8"/><line number="589" hits="4"/><line number="590" hits="8"/><line number="591" hits="4"/><line number="592" hits="8"/><line number="593" hits="4"/><line number="594" hits="8"/><line number="595" hits="4"/><line number="596" hits="8"/><line number="597" hits="6"/><line number="598" hits="3"/><line number="601" hits="1"/><line number="602" hits="3"/><line number="603" hits="2"/><line number="607" hits="1"/><line number="608" hits="3"/><line number="609" hits="2"/><line number="614" hits="1"/><line number="615" hits="6"/><line number="616" hits="3"/><line number="617" hits="4"/></lines></class><class name="main" filename="src/main.rs" line-rate="0.5" branch-rate="0" complexity="0"><methods/><lines><line number="1" hits="2"/><line number="2" hits="0"/></lines></class><class name="parser" filename="src/parser.rs" line-rate="0.9090909090909091" branch-rate="0" complexity="0"><methods/><lines><line number="8" hits="2"/><line number="9" hits="3"/><line number="11" hits="3"/><line number="14" hits="7"/><line number="16" hits="2"/><line number="17" hits="2"/><line number="20" hits="1"/><line number="21" hits="0"/><line number="25" hits="3"/><line number="26" hits="2"/><line number="28" hits="2"/></lines></class></classes></package></packages></coverage>